[debug] [2018-10-25T12:19:14.963Z] ----------------------------------------------------------------------
[debug] [2018-10-25T12:19:14.967Z] Command:       /usr/local/bin/node /usr/local/bin/firebase deploy
[debug] [2018-10-25T12:19:14.968Z] CLI Version:   3.18.4
[debug] [2018-10-25T12:19:14.968Z] Platform:      darwin
[debug] [2018-10-25T12:19:14.968Z] Node Version:  v10.12.0
[debug] [2018-10-25T12:19:14.973Z] Time:          Thu Oct 25 2018 17:19:14 GMT+0500 (Pakistan Standard Time)
[debug] [2018-10-25T12:19:14.973Z] ----------------------------------------------------------------------
[debug] 
[debug] [2018-10-25T12:19:14.992Z] > command requires scopes: ["email","openid","https://www.googleapis.com/auth/cloudplatformprojects.readonly","https://www.googleapis.com/auth/firebase","https://www.googleapis.com/auth/cloud-platform"]
[debug] [2018-10-25T12:19:14.992Z] > authorizing via signed-in user
[debug] [2018-10-25T12:19:14.995Z] > refreshing access token with scopes: ["email","https://www.googleapis.com/auth/cloud-platform","https://www.googleapis.com/auth/cloudplatformprojects.readonly","https://www.googleapis.com/auth/firebase","openid"]
[debug] [2018-10-25T12:19:14.995Z] >>> HTTP REQUEST POST https://www.googleapis.com/oauth2/v3/token  
 { refresh_token: '1/_h0cf34XlfmyOLhn8HuXlc8s2xF9bI0r21Qt6lTr27g',
  client_id:
   '563584335869-fgrhgmd47bqnekij5i8b5pr03ho849e6.apps.googleusercontent.com',
  client_secret: 'j9iVZfS8kkCEFUPaAeJV0sAi',
  grant_type: 'refresh_token',
  scope:
   'email https://www.googleapis.com/auth/cloud-platform https://www.googleapis.com/auth/cloudplatformprojects.readonly https://www.googleapis.com/auth/firebase openid' } 
 Thu Oct 25 2018 17:19:14 GMT+0500 (Pakistan Standard Time)
[debug] [2018-10-25T12:19:17.697Z] <<< HTTP RESPONSE 200
[debug] [2018-10-25T12:19:17.745Z] >>> HTTP REQUEST GET https://admin.firebase.com/v1/projects/pessidash  
  
 Thu Oct 25 2018 17:19:17 GMT+0500 (Pakistan Standard Time)
[debug] [2018-10-25T12:19:19.554Z] <<< HTTP RESPONSE 200
[debug] [2018-10-25T12:19:19.555Z] >>> HTTP REQUEST GET https://admin.firebase.com/v1/database/pessidash/tokens  
  
 Thu Oct 25 2018 17:19:19 GMT+0500 (Pakistan Standard Time)
[debug] [2018-10-25T12:19:20.936Z] <<< HTTP RESPONSE 200
[info] 
[info] === Deploying to 'pessidash'...
[info] 
[info] i  deploying hosting
[info] i  hosting: preparing build directory for upload...
[debug] [2018-10-25T12:19:23.431Z] >>> HTTP REQUEST PUT https://deploy.firebase.com/v1/hosting/pessidash/uploads/-LPf9PY4Uqy7WQf6t7fB?fileCount=10&message=  
  
 Thu Oct 25 2018 17:19:23 GMT+0500 (Pakistan Standard Time)
[debug] [2018-10-25T12:19:34.152Z] <<< HTTP RESPONSE 410
[debug] [2018-10-25T12:19:34.153Z] <<< HTTP RESPONSE BODY undefined
[debug] [2018-10-25T12:19:34.167Z] TypeError: Cannot read property 'error' of undefined
    at module.exports (/usr/local/lib/node_modules/firebase-tools/lib/responseToError.js:10:13)
    at Request._callback (/usr/local/lib/node_modules/firebase-tools/lib/api.js:47:25)
    at Request.self.callback (/usr/local/lib/node_modules/firebase-tools/node_modules/request/request.js:186:22)
    at Request.emit (events.js:182:13)
    at Request.EventEmitter.emit (domain.js:442:20)
    at Request.<anonymous> (/usr/local/lib/node_modules/firebase-tools/node_modules/request/request.js:1163:10)
    at Request.emit (events.js:182:13)
    at Request.EventEmitter.emit (domain.js:442:20)
    at IncomingMessage.<anonymous> (/usr/local/lib/node_modules/firebase-tools/node_modules/request/request.js:1085:12)
    at Object.onceWrapper (events.js:273:13)
[error] 
[error] Error: An unexpected error has occurred.
